<?xml version="1.0" encoding="UTF-8"?>
<coverage generated="1755153436562" clover="3.2.0">
  <project timestamp="1755153436562" name="All files">
    <metrics statements="245" coveredstatements="145" conditionals="93" coveredconditionals="54" methods="55" coveredmethods="29" elements="393" coveredelements="228" complexity="0" loc="245" ncloc="245" packages="3" files="3" classes="3"/>
    <package name="cache">
      <metrics statements="13" coveredstatements="0" conditionals="2" coveredconditionals="0" methods="12" coveredmethods="0"/>
      <file name="cache-manager.ts" path="/Users/han/Documents/Vibe Coding/StableRisk-AI/cache-service/src/cache/cache-manager.ts">
        <metrics statements="13" coveredstatements="0" conditionals="2" coveredconditionals="0" methods="12" coveredmethods="0"/>
        <line num="33" count="0" type="stmt"/>
        <line num="41" count="0" type="cond" truecount="0" falsecount="1"/>
        <line num="42" count="0" type="stmt"/>
        <line num="44" count="0" type="stmt"/>
        <line num="49" count="0" type="stmt"/>
        <line num="59" count="0" type="stmt"/>
        <line num="65" count="0" type="stmt"/>
        <line num="71" count="0" type="stmt"/>
        <line num="77" count="0" type="stmt"/>
        <line num="83" count="0" type="stmt"/>
        <line num="89" count="0" type="stmt"/>
        <line num="95" count="0" type="stmt"/>
        <line num="119" count="0" type="stmt"/>
      </file>
    </package>
    <package name="controllers">
      <metrics statements="74" coveredstatements="0" conditionals="25" coveredconditionals="0" methods="14" coveredmethods="0"/>
      <file name="cache-controller.ts" path="/Users/han/Documents/Vibe Coding/StableRisk-AI/cache-service/src/controllers/cache-controller.ts">
        <metrics statements="74" coveredstatements="0" conditionals="25" coveredconditionals="0" methods="14" coveredmethods="0"/>
        <line num="1" count="0" type="stmt"/>
        <line num="2" count="0" type="stmt"/>
        <line num="4" count="0" type="stmt"/>
        <line num="5" count="0" type="stmt"/>
        <line num="8" count="0" type="stmt"/>
        <line num="11" count="0" type="stmt"/>
        <line num="12" count="0" type="stmt"/>
        <line num="13" count="0" type="cond" truecount="0" falsecount="1"/>
        <line num="16" count="0" type="cond" truecount="0" falsecount="3"/>
        <line num="17" count="0" type="stmt"/>
        <line num="22" count="0" type="cond" truecount="0" falsecount="3"/>
        <line num="23" count="0" type="stmt"/>
        <line num="28" count="0" type="stmt"/>
        <line num="30" count="0" type="stmt"/>
        <line num="36" count="0" type="stmt"/>
        <line num="41" count="0" type="stmt"/>
        <line num="42" count="0" type="stmt"/>
        <line num="43" count="0" type="stmt"/>
        <line num="44" count="0" type="stmt"/>
        <line num="45" count="0" type="stmt"/>
        <line num="47" count="0" type="cond" truecount="0" falsecount="2"/>
        <line num="48" count="0" type="stmt"/>
        <line num="54" count="0" type="stmt"/>
        <line num="61" count="0" type="stmt"/>
        <line num="66" count="0" type="stmt"/>
        <line num="67" count="0" type="stmt"/>
        <line num="68" count="0" type="stmt"/>
        <line num="70" count="0" type="cond" truecount="0" falsecount="1"/>
        <line num="71" count="0" type="stmt"/>
        <line num="74" count="0" type="stmt"/>
        <line num="75" count="0" type="stmt"/>
        <line num="76" count="0" type="stmt"/>
        <line num="78" count="0" type="stmt"/>
        <line num="85" count="0" type="stmt"/>
        <line num="90" count="0" type="stmt"/>
        <line num="91" count="0" type="stmt"/>
        <line num="92" count="0" type="stmt"/>
        <line num="93" count="0" type="stmt"/>
        <line num="94" count="0" type="stmt"/>
        <line num="96" count="0" type="stmt"/>
        <line num="102" count="0" type="stmt"/>
        <line num="107" count="0" type="stmt"/>
        <line num="108" count="0" type="stmt"/>
        <line num="109" count="0" type="stmt"/>
        <line num="111" count="0" type="cond" truecount="0" falsecount="4"/>
        <line num="112" count="0" type="stmt"/>
        <line num="117" count="0" type="stmt"/>
        <line num="119" count="0" type="stmt"/>
        <line num="125" count="0" type="stmt"/>
        <line num="130" count="0" type="stmt"/>
        <line num="131" count="0" type="stmt"/>
        <line num="132" count="0" type="stmt"/>
        <line num="134" count="0" type="cond" truecount="0" falsecount="4"/>
        <line num="135" count="0" type="stmt"/>
        <line num="140" count="0" type="stmt"/>
        <line num="142" count="0" type="stmt"/>
        <line num="148" count="0" type="stmt"/>
        <line num="153" count="0" type="stmt"/>
        <line num="154" count="0" type="stmt"/>
        <line num="155" count="0" type="stmt"/>
        <line num="156" count="0" type="stmt"/>
        <line num="158" count="0" type="stmt"/>
        <line num="163" count="0" type="stmt"/>
        <line num="164" count="0" type="stmt"/>
        <line num="165" count="0" type="stmt"/>
        <line num="167" count="0" type="cond" truecount="0" falsecount="1"/>
        <line num="168" count="0" type="stmt"/>
        <line num="171" count="0" type="stmt"/>
        <line num="173" count="0" type="stmt"/>
        <line num="177" count="0" type="cond" truecount="0" falsecount="2"/>
        <line num="178" count="0" type="stmt"/>
        <line num="180" count="0" type="stmt"/>
        <line num="187" count="0" type="stmt"/>
        <line num="191" count="0" type="stmt"/>
      </file>
    </package>
    <package name="lib.clients">
      <metrics statements="158" coveredstatements="145" conditionals="66" coveredconditionals="54" methods="29" coveredmethods="29"/>
      <file name="cache-service-client.ts" path="/Users/han/Documents/Vibe Coding/StableRisk-AI/cache-service/src/lib/clients/cache-service-client.ts">
        <metrics statements="158" coveredstatements="145" conditionals="66" coveredconditionals="54" methods="29" coveredmethods="29"/>
        <line num="47" count="1" type="stmt"/>
        <line num="53" count="70" type="stmt"/>
        <line num="56" count="70" type="cond" truecount="2" falsecount="0"/>
        <line num="57" count="70" type="cond" truecount="2" falsecount="0"/>
        <line num="58" count="70" type="cond" truecount="2" falsecount="0"/>
        <line num="59" count="70" type="stmt"/>
        <line num="62" count="70" type="stmt"/>
        <line num="65" count="68" type="stmt"/>
        <line num="69" count="73" type="cond" truecount="1" falsecount="0"/>
        <line num="70" count="70" type="stmt"/>
        <line num="72" count="71" type="stmt"/>
        <line num="83" count="133" type="cond" truecount="3" falsecount="0"/>
        <line num="84" count="3" type="stmt"/>
        <line num="85" count="3" type="stmt"/>
        <line num="88" count="130" type="stmt"/>
        <line num="89" count="130" type="stmt"/>
        <line num="95" count="21" type="cond" truecount="1" falsecount="0"/>
        <line num="96" count="1" type="stmt"/>
        <line num="99" count="20" type="stmt"/>
        <line num="100" count="20" type="cond" truecount="2" falsecount="0"/>
        <line num="102" count="110" type="stmt"/>
        <line num="103" count="110" type="stmt"/>
        <line num="111" count="33" type="cond" truecount="3" falsecount="0"/>
        <line num="112" count="3" type="stmt"/>
        <line num="113" count="3" type="stmt"/>
        <line num="116" count="30" type="stmt"/>
        <line num="117" count="30" type="stmt"/>
        <line num="121" count="11" type="cond" truecount="1" falsecount="0"/>
        <line num="122" count="3" type="stmt"/>
        <line num="125" count="8" type="cond" truecount="1" falsecount="0"/>
        <line num="126" count="1" type="stmt"/>
        <line num="129" count="7" type="stmt"/>
        <line num="130" count="5" type="cond" truecount="1" falsecount="1"/>
        <line num="132" count="22" type="stmt"/>
        <line num="133" count="22" type="stmt"/>
        <line num="141" count="10" type="cond" truecount="3" falsecount="0"/>
        <line num="142" count="4" type="stmt"/>
        <line num="143" count="4" type="stmt"/>
        <line num="147" count="1112" type="cond" truecount="2" falsecount="0"/>
        <line num="148" count="6" type="cond" truecount="1" falsecount="0"/>
        <line num="149" count="1" type="stmt"/>
        <line num="152" count="6" type="stmt"/>
        <line num="153" count="6" type="stmt"/>
        <line num="159" count="4" type="cond" truecount="0" falsecount="1"/>
        <line num="160" count="0" type="stmt"/>
        <line num="163" count="4" type="stmt"/>
        <line num="164" count="4" type="cond" truecount="1" falsecount="1"/>
        <line num="166" count="2" type="stmt"/>
        <line num="167" count="2" type="stmt"/>
        <line num="175" count="7" type="cond" truecount="3" falsecount="0"/>
        <line num="176" count="3" type="stmt"/>
        <line num="177" count="3" type="stmt"/>
        <line num="180" count="4" type="stmt"/>
        <line num="181" count="4" type="stmt"/>
        <line num="186" count="3" type="cond" truecount="0" falsecount="1"/>
        <line num="187" count="0" type="stmt"/>
        <line num="190" count="3" type="stmt"/>
        <line num="193" count="3" type="stmt"/>
        <line num="195" count="3" type="cond" truecount="2" falsecount="0"/>
        <line num="197" count="1" type="stmt"/>
        <line num="200" count="1" type="stmt"/>
        <line num="201" count="1" type="stmt"/>
        <line num="209" count="5" type="cond" truecount="3" falsecount="0"/>
        <line num="210" count="3" type="stmt"/>
        <line num="211" count="3" type="stmt"/>
        <line num="214" count="2" type="stmt"/>
        <line num="215" count="2" type="stmt"/>
        <line num="221" count="2" type="cond" truecount="0" falsecount="1"/>
        <line num="222" count="0" type="stmt"/>
        <line num="225" count="2" type="stmt"/>
        <line num="226" count="2" type="cond" truecount="1" falsecount="1"/>
        <line num="228" count="0" type="stmt"/>
        <line num="229" count="0" type="stmt"/>
        <line num="237" count="2" type="stmt"/>
        <line num="238" count="2" type="stmt"/>
        <line num="240" count="2" type="cond" truecount="0" falsecount="1"/>
        <line num="241" count="0" type="stmt"/>
        <line num="244" count="2" type="stmt"/>
        <line num="247" count="2" type="stmt"/>
        <line num="256" count="0" type="stmt"/>
        <line num="257" count="0" type="stmt"/>
        <line num="272" count="3" type="stmt"/>
        <line num="273" count="3" type="stmt"/>
        <line num="274" count="2" type="stmt"/>
        <line num="276" count="1" type="stmt"/>
        <line num="277" count="1" type="stmt"/>
        <line num="285" count="12" type="stmt"/>
        <line num="297" count="63" type="stmt"/>
        <line num="304" count="67" type="cond" truecount="1" falsecount="0"/>
        <line num="305" count="67" type="stmt"/>
        <line num="306" count="67" type="stmt"/>
        <line num="308" count="67" type="stmt"/>
        <line num="314" count="70" type="cond" truecount="0" falsecount="1"/>
        <line num="315" count="0" type="stmt"/>
        <line num="318" count="70" type="stmt"/>
        <line num="319" count="70" type="stmt"/>
        <line num="321" count="1" type="stmt"/>
        <line num="324" count="69" type="cond" truecount="3" falsecount="0"/>
        <line num="325" count="1" type="stmt"/>
        <line num="328" count="68" type="cond" truecount="0" falsecount="1"/>
        <line num="329" count="0" type="stmt"/>
        <line num="338" count="177" type="stmt"/>
        <line num="339" count="177" type="cond" truecount="2" falsecount="0"/>
        <line num="341" count="177" type="stmt"/>
        <line num="342" count="177" type="stmt"/>
        <line num="344" count="177" type="stmt"/>
        <line num="345" count="177" type="stmt"/>
        <line num="350" count="45" type="stmt"/>
        <line num="351" count="45" type="stmt"/>
        <line num="353" count="132" type="stmt"/>
        <line num="355" count="132" type="cond" truecount="2" falsecount="1"/>
        <line num="356" count="0" type="stmt"/>
        <line num="359" count="132" type="stmt"/>
        <line num="364" count="292" type="stmt"/>
        <line num="366" count="292" type="cond" truecount="1" falsecount="0"/>
        <line num="367" count="11" type="stmt"/>
        <line num="370" count="292" type="cond" truecount="2" falsecount="0"/>
        <line num="371" count="292" type="stmt"/>
        <line num="373" count="292" type="stmt"/>
        <line num="379" count="292" type="stmt"/>
        <line num="381" count="0" type="stmt"/>
        <line num="382" count="0" type="stmt"/>
        <line num="387" count="1041" type="stmt"/>
        <line num="389" count="1041" type="cond" truecount="1" falsecount="0"/>
        <line num="390" count="1007" type="stmt"/>
        <line num="393" count="34" type="cond" truecount="1" falsecount="0"/>
        <line num="394" count="1" type="stmt"/>
        <line num="395" count="1" type="stmt"/>
        <line num="398" count="33" type="stmt"/>
        <line num="402" count="1003" type="stmt"/>
        <line num="409" count="11" type="stmt"/>
        <line num="410" count="11" type="stmt"/>
        <line num="412" count="11" type="stmt"/>
        <line num="413" count="1003" type="cond" truecount="1" falsecount="0"/>
        <line num="414" count="11" type="stmt"/>
        <line num="415" count="11" type="stmt"/>
        <line num="419" count="11" type="cond" truecount="1" falsecount="0"/>
        <line num="420" count="11" type="stmt"/>
        <line num="425" count="8" type="stmt"/>
        <line num="427" count="8" type="stmt"/>
        <line num="428" count="55" type="stmt"/>
        <line num="430" count="55" type="stmt"/>
        <line num="431" count="55" type="stmt"/>
        <line num="432" count="54" type="stmt"/>
        <line num="435" count="1" type="stmt"/>
        <line num="439" count="8" type="stmt"/>
        <line num="444" count="68" type="stmt"/>
        <line num="445" count="1" type="stmt"/>
        <line num="450" count="2" type="stmt"/>
        <line num="451" count="2" type="stmt"/>
        <line num="453" count="2" type="stmt"/>
        <line num="454" count="4" type="cond" truecount="1" falsecount="0"/>
        <line num="455" count="2" type="stmt"/>
        <line num="459" count="2" type="stmt"/>
        <line num="460" count="2" type="stmt"/>
        <line num="463" count="2" type="cond" truecount="1" falsecount="0"/>
        <line num="464" count="2" type="stmt"/>
        <line num="470" count="1" type="stmt"/>
      </file>
    </package>
  </project>
</coverage>
