{"/Users/han/Documents/Vibe Coding/StableRisk-AI/cache-service/src/cache/cache-manager.ts": {"path":"/Users/han/Documents/Vibe Coding/StableRisk-AI/cache-service/src/cache/cache-manager.ts","statementMap":{"0":{"start":{"line":41,"column":4},"end":{"line":43,"column":5}},"1":{"start":{"line":42,"column":6},"end":{"line":42,"column":49}},"2":{"start":{"line":44,"column":4},"end":{"line":44,"column":33}},"3":{"start":{"line":49,"column":4},"end":{"line":49,"column":58}},"4":{"start":{"line":59,"column":4},"end":{"line":59,"column":16}},"5":{"start":{"line":65,"column":4},"end":{"line":65,"column":16}},"6":{"start":{"line":71,"column":4},"end":{"line":71,"column":51}},"7":{"start":{"line":71,"column":28},"end":{"line":71,"column":48}},"8":{"start":{"line":77,"column":4},"end":{"line":77,"column":16}},"9":{"start":{"line":83,"column":4},"end":{"line":83,"column":14}},"10":{"start":{"line":89,"column":4},"end":{"line":89,"column":14}},"11":{"start":{"line":95,"column":4},"end":{"line":114,"column":6}},"12":{"start":{"line":119,"column":4},"end":{"line":119,"column":50}},"13":{"start":{"line":33,"column":0},"end":{"line":33,"column":13}}},"fnMap":{"0":{"name":"(anonymous_0)","decl":{"start":{"line":36,"column":2},"end":{"line":36,"column":null}},"loc":{"start":{"line":36,"column":2},"end":{"line":38,"column":3}}},"1":{"name":"(anonymous_1)","decl":{"start":{"line":40,"column":9},"end":{"line":40,"column":15}},"loc":{"start":{"line":40,"column":27},"end":{"line":45,"column":3}}},"2":{"name":"(anonymous_2)","decl":{"start":{"line":47,"column":2},"end":{"line":47,"column":7}},"loc":{"start":{"line":47,"column":18},"end":{"line":50,"column":3}}},"3":{"name":"(anonymous_3)","decl":{"start":{"line":52,"column":2},"end":{"line":52,"column":7}},"loc":{"start":{"line":55,"column":30},"end":{"line":60,"column":3}}},"4":{"name":"(anonymous_4)","decl":{"start":{"line":62,"column":2},"end":{"line":62,"column":7}},"loc":{"start":{"line":62,"column":23},"end":{"line":66,"column":3}}},"5":{"name":"(anonymous_5)","decl":{"start":{"line":68,"column":2},"end":{"line":68,"column":7}},"loc":{"start":{"line":68,"column":27},"end":{"line":72,"column":3}}},"6":{"name":"(anonymous_6)","decl":{"start":{"line":71,"column":20},"end":{"line":71,"column":23}},"loc":{"start":{"line":71,"column":28},"end":{"line":71,"column":48}}},"7":{"name":"(anonymous_7)","decl":{"start":{"line":74,"column":2},"end":{"line":74,"column":7}},"loc":{"start":{"line":74,"column":26},"end":{"line":78,"column":3}}},"8":{"name":"(anonymous_8)","decl":{"start":{"line":80,"column":2},"end":{"line":80,"column":7}},"loc":{"start":{"line":80,"column":35},"end":{"line":84,"column":3}}},"9":{"name":"(anonymous_9)","decl":{"start":{"line":86,"column":2},"end":{"line":86,"column":7}},"loc":{"start":{"line":86,"column":43},"end":{"line":90,"column":3}}},"10":{"name":"(anonymous_10)","decl":{"start":{"line":92,"column":2},"end":{"line":92,"column":7}},"loc":{"start":{"line":92,"column":16},"end":{"line":115,"column":3}}},"11":{"name":"(anonymous_11)","decl":{"start":{"line":117,"column":2},"end":{"line":117,"column":7}},"loc":{"start":{"line":117,"column":16},"end":{"line":120,"column":3}}}},"branchMap":{"0":{"loc":{"start":{"line":41,"column":4},"end":{"line":43,"column":5}},"type":"if","locations":[{"start":{"line":41,"column":4},"end":{"line":43,"column":5}}]},"1":{"loc":{"start":{"line":55,"column":4},"end":{"line":55,"column":30}},"type":"default-arg","locations":[{"start":{"line":55,"column":28},"end":{"line":55,"column":30}}]}},"s":{"0":0,"1":0,"2":0,"3":0,"4":0,"5":0,"6":0,"7":0,"8":0,"9":0,"10":0,"11":0,"12":0,"13":0},"f":{"0":0,"1":0,"2":0,"3":0,"4":0,"5":0,"6":0,"7":0,"8":0,"9":0,"10":0,"11":0},"b":{"0":[0],"1":[0]}}
,"/Users/han/Documents/Vibe Coding/StableRisk-AI/cache-service/src/controllers/cache-controller.ts": {"path":"/Users/han/Documents/Vibe Coding/StableRisk-AI/cache-service/src/controllers/cache-controller.ts","statementMap":{"0":{"start":{"line":1,"column":0},"end":{"line":1,"column":52}},"1":{"start":{"line":2,"column":0},"end":{"line":2,"column":54}},"2":{"start":{"line":5,"column":32},"end":{"line":5,"column":58}},"3":{"start":{"line":8,"column":19},"end":{"line":8,"column":27}},"4":{"start":{"line":11,"column":4},"end":{"line":38,"column":7}},"5":{"start":{"line":12,"column":6},"end":{"line":37,"column":7}},"6":{"start":{"line":13,"column":45},"end":{"line":13,"column":53}},"7":{"start":{"line":16,"column":8},"end":{"line":20,"column":9}},"8":{"start":{"line":17,"column":10},"end":{"line":19,"column":13}},"9":{"start":{"line":22,"column":8},"end":{"line":26,"column":9}},"10":{"start":{"line":23,"column":10},"end":{"line":25,"column":13}},"11":{"start":{"line":28,"column":23},"end":{"line":28,"column":71}},"12":{"start":{"line":30,"column":8},"end":{"line":34,"column":11}},"13":{"start":{"line":36,"column":8},"end":{"line":36,"column":55}},"14":{"start":{"line":41,"column":4},"end":{"line":63,"column":7}},"15":{"start":{"line":42,"column":6},"end":{"line":62,"column":7}},"16":{"start":{"line":43,"column":24},"end":{"line":43,"column":34}},"17":{"start":{"line":44,"column":27},"end":{"line":44,"column":50}},"18":{"start":{"line":45,"column":22},"end":{"line":45,"column":61}},"19":{"start":{"line":47,"column":8},"end":{"line":59,"column":9}},"20":{"start":{"line":48,"column":10},"end":{"line":52,"column":13}},"21":{"start":{"line":54,"column":10},"end":{"line":58,"column":13}},"22":{"start":{"line":61,"column":8},"end":{"line":61,"column":55}},"23":{"start":{"line":66,"column":4},"end":{"line":87,"column":7}},"24":{"start":{"line":67,"column":6},"end":{"line":86,"column":7}},"25":{"start":{"line":68,"column":25},"end":{"line":68,"column":33}},"26":{"start":{"line":70,"column":8},"end":{"line":72,"column":9}},"27":{"start":{"line":71,"column":10},"end":{"line":71,"column":74}},"28":{"start":{"line":74,"column":24},"end":{"line":74,"column":58}},"29":{"start":{"line":75,"column":22},"end":{"line":75,"column":59}},"30":{"start":{"line":75,"column":42},"end":{"line":75,"column":58}},"31":{"start":{"line":76,"column":24},"end":{"line":76,"column":77}},"32":{"start":{"line":76,"column":44},"end":{"line":76,"column":60}},"33":{"start":{"line":76,"column":71},"end":{"line":76,"column":76}},"34":{"start":{"line":78,"column":8},"end":{"line":83,"column":11}},"35":{"start":{"line":85,"column":8},"end":{"line":85,"column":55}},"36":{"start":{"line":90,"column":4},"end":{"line":104,"column":7}},"37":{"start":{"line":91,"column":6},"end":{"line":103,"column":7}},"38":{"start":{"line":92,"column":24},"end":{"line":92,"column":34}},"39":{"start":{"line":93,"column":27},"end":{"line":93,"column":50}},"40":{"start":{"line":94,"column":23},"end":{"line":94,"column":65}},"41":{"start":{"line":96,"column":8},"end":{"line":100,"column":11}},"42":{"start":{"line":102,"column":8},"end":{"line":102,"column":55}},"43":{"start":{"line":107,"column":4},"end":{"line":127,"column":7}},"44":{"start":{"line":108,"column":6},"end":{"line":126,"column":7}},"45":{"start":{"line":109,"column":24},"end":{"line":109,"column":32}},"46":{"start":{"line":111,"column":8},"end":{"line":115,"column":9}},"47":{"start":{"line":112,"column":10},"end":{"line":114,"column":13}},"48":{"start":{"line":117,"column":32},"end":{"line":117,"column":76}},"49":{"start":{"line":119,"column":8},"end":{"line":123,"column":11}},"50":{"start":{"line":125,"column":8},"end":{"line":125,"column":55}},"51":{"start":{"line":130,"column":4},"end":{"line":150,"column":7}},"52":{"start":{"line":131,"column":6},"end":{"line":149,"column":7}},"53":{"start":{"line":132,"column":28},"end":{"line":132,"column":36}},"54":{"start":{"line":134,"column":8},"end":{"line":138,"column":9}},"55":{"start":{"line":135,"column":10},"end":{"line":137,"column":13}},"56":{"start":{"line":140,"column":32},"end":{"line":140,"column":84}},"57":{"start":{"line":142,"column":8},"end":{"line":146,"column":11}},"58":{"start":{"line":148,"column":8},"end":{"line":148,"column":55}},"59":{"start":{"line":153,"column":4},"end":{"line":160,"column":7}},"60":{"start":{"line":154,"column":6},"end":{"line":159,"column":7}},"61":{"start":{"line":155,"column":22},"end":{"line":155,"column":56}},"62":{"start":{"line":156,"column":8},"end":{"line":156,"column":24}},"63":{"start":{"line":158,"column":8},"end":{"line":158,"column":55}},"64":{"start":{"line":163,"column":4},"end":{"line":189,"column":7}},"65":{"start":{"line":164,"column":6},"end":{"line":188,"column":7}},"66":{"start":{"line":165,"column":28},"end":{"line":165,"column":36}},"67":{"start":{"line":167,"column":8},"end":{"line":169,"column":9}},"68":{"start":{"line":168,"column":10},"end":{"line":168,"column":77}},"69":{"start":{"line":171,"column":24},"end":{"line":174,"column":null}},"70":{"start":{"line":173,"column":12},"end":{"line":173,"column":72}},"71":{"start":{"line":177,"column":27},"end":{"line":177,"column":90}},"72":{"start":{"line":177,"column":47},"end":{"line":177,"column":82}},"73":{"start":{"line":178,"column":23},"end":{"line":178,"column":50}},"74":{"start":{"line":180,"column":8},"end":{"line":185,"column":11}},"75":{"start":{"line":187,"column":8},"end":{"line":187,"column":55}},"76":{"start":{"line":191,"column":4},"end":{"line":191,"column":18}},"77":{"start":{"line":4,"column":0},"end":{"line":4,"column":13}}},"fnMap":{"0":{"name":"(anonymous_0)","decl":{"start":{"line":7,"column":2},"end":{"line":7,"column":8}},"loc":{"start":{"line":7,"column":15},"end":{"line":192,"column":3}}},"1":{"name":"(anonymous_1)","decl":{"start":{"line":11,"column":24},"end":{"line":11,"column":29}},"loc":{"start":{"line":11,"column":62},"end":{"line":38,"column":5}}},"2":{"name":"(anonymous_2)","decl":{"start":{"line":41,"column":28},"end":{"line":41,"column":33}},"loc":{"start":{"line":41,"column":66},"end":{"line":63,"column":5}}},"3":{"name":"(anonymous_3)","decl":{"start":{"line":66,"column":25},"end":{"line":66,"column":30}},"loc":{"start":{"line":66,"column":63},"end":{"line":87,"column":5}}},"4":{"name":"(anonymous_4)","decl":{"start":{"line":75,"column":37},"end":{"line":75,"column":38}},"loc":{"start":{"line":75,"column":42},"end":{"line":75,"column":58}}},"5":{"name":"(anonymous_5)","decl":{"start":{"line":76,"column":39},"end":{"line":76,"column":40}},"loc":{"start":{"line":76,"column":44},"end":{"line":76,"column":60}}},"6":{"name":"(anonymous_6)","decl":{"start":{"line":76,"column":66},"end":{"line":76,"column":67}},"loc":{"start":{"line":76,"column":71},"end":{"line":76,"column":76}}},"7":{"name":"(anonymous_7)","decl":{"start":{"line":90,"column":34},"end":{"line":90,"column":39}},"loc":{"start":{"line":90,"column":72},"end":{"line":104,"column":5}}},"8":{"name":"(anonymous_8)","decl":{"start":{"line":107,"column":35},"end":{"line":107,"column":40}},"loc":{"start":{"line":107,"column":73},"end":{"line":127,"column":5}}},"9":{"name":"(anonymous_9)","decl":{"start":{"line":130,"column":39},"end":{"line":130,"column":44}},"loc":{"start":{"line":130,"column":77},"end":{"line":150,"column":5}}},"10":{"name":"(anonymous_10)","decl":{"start":{"line":153,"column":25},"end":{"line":153,"column":30}},"loc":{"start":{"line":153,"column":63},"end":{"line":160,"column":5}}},"11":{"name":"(anonymous_11)","decl":{"start":{"line":163,"column":29},"end":{"line":163,"column":34}},"loc":{"start":{"line":163,"column":67},"end":{"line":189,"column":5}}},"12":{"name":"(anonymous_12)","decl":{"start":{"line":172,"column":22},"end":{"line":172,"column":27}},"loc":{"start":{"line":173,"column":12},"end":{"line":173,"column":72}}},"13":{"name":"(anonymous_13)","decl":{"start":{"line":177,"column":42},"end":{"line":177,"column":43}},"loc":{"start":{"line":177,"column":47},"end":{"line":177,"column":82}}}},"branchMap":{"0":{"loc":{"start":{"line":13,"column":28},"end":{"line":13,"column":40}},"type":"default-arg","locations":[{"start":{"line":13,"column":38},"end":{"line":13,"column":40}}]},"1":{"loc":{"start":{"line":16,"column":8},"end":{"line":20,"column":9}},"type":"if","locations":[{"start":{"line":16,"column":8},"end":{"line":20,"column":9}}]},"2":{"loc":{"start":{"line":16,"column":12},"end":{"line":16,"column":39}},"type":"binary-expr","locations":[{"start":{"line":16,"column":12},"end":{"line":16,"column":16}},{"start":{"line":16,"column":20},"end":{"line":16,"column":39}}]},"3":{"loc":{"start":{"line":22,"column":8},"end":{"line":26,"column":9}},"type":"if","locations":[{"start":{"line":22,"column":8},"end":{"line":26,"column":9}}]},"4":{"loc":{"start":{"line":22,"column":12},"end":{"line":22,"column":56}},"type":"binary-expr","locations":[{"start":{"line":22,"column":12},"end":{"line":22,"column":35}},{"start":{"line":22,"column":39},"end":{"line":22,"column":56}}]},"5":{"loc":{"start":{"line":33,"column":19},"end":{"line":33,"column":88}},"type":"cond-expr","locations":[{"start":{"line":33,"column":28},"end":{"line":33,"column":58}},{"start":{"line":33,"column":61},"end":{"line":33,"column":88}}]},"6":{"loc":{"start":{"line":47,"column":8},"end":{"line":59,"column":9}},"type":"if","locations":[{"start":{"line":47,"column":8},"end":{"line":59,"column":9}},{"start":{"line":53,"column":15},"end":{"line":59,"column":9}}]},"7":{"loc":{"start":{"line":70,"column":8},"end":{"line":72,"column":9}},"type":"if","locations":[{"start":{"line":70,"column":8},"end":{"line":72,"column":9}}]},"8":{"loc":{"start":{"line":99,"column":19},"end":{"line":99,"column":82}},"type":"cond-expr","locations":[{"start":{"line":99,"column":28},"end":{"line":99,"column":49}},{"start":{"line":99,"column":52},"end":{"line":99,"column":82}}]},"9":{"loc":{"start":{"line":111,"column":8},"end":{"line":115,"column":9}},"type":"if","locations":[{"start":{"line":111,"column":8},"end":{"line":115,"column":9}}]},"10":{"loc":{"start":{"line":111,"column":12},"end":{"line":111,"column":64}},"type":"binary-expr","locations":[{"start":{"line":111,"column":12},"end":{"line":111,"column":16}},{"start":{"line":111,"column":20},"end":{"line":111,"column":43}},{"start":{"line":111,"column":47},"end":{"line":111,"column":64}}]},"11":{"loc":{"start":{"line":134,"column":8},"end":{"line":138,"column":9}},"type":"if","locations":[{"start":{"line":134,"column":8},"end":{"line":138,"column":9}}]},"12":{"loc":{"start":{"line":134,"column":12},"end":{"line":134,"column":76}},"type":"binary-expr","locations":[{"start":{"line":134,"column":12},"end":{"line":134,"column":20}},{"start":{"line":134,"column":24},"end":{"line":134,"column":51}},{"start":{"line":134,"column":55},"end":{"line":134,"column":76}}]},"13":{"loc":{"start":{"line":167,"column":8},"end":{"line":169,"column":9}},"type":"if","locations":[{"start":{"line":167,"column":8},"end":{"line":169,"column":9}}]},"14":{"loc":{"start":{"line":177,"column":47},"end":{"line":177,"column":82}},"type":"binary-expr","locations":[{"start":{"line":177,"column":47},"end":{"line":177,"column":71}},{"start":{"line":177,"column":75},"end":{"line":177,"column":82}}]}},"s":{"0":0,"1":0,"2":0,"3":0,"4":0,"5":0,"6":0,"7":0,"8":0,"9":0,"10":0,"11":0,"12":0,"13":0,"14":0,"15":0,"16":0,"17":0,"18":0,"19":0,"20":0,"21":0,"22":0,"23":0,"24":0,"25":0,"26":0,"27":0,"28":0,"29":0,"30":0,"31":0,"32":0,"33":0,"34":0,"35":0,"36":0,"37":0,"38":0,"39":0,"40":0,"41":0,"42":0,"43":0,"44":0,"45":0,"46":0,"47":0,"48":0,"49":0,"50":0,"51":0,"52":0,"53":0,"54":0,"55":0,"56":0,"57":0,"58":0,"59":0,"60":0,"61":0,"62":0,"63":0,"64":0,"65":0,"66":0,"67":0,"68":0,"69":0,"70":0,"71":0,"72":0,"73":0,"74":0,"75":0,"76":0,"77":0},"f":{"0":0,"1":0,"2":0,"3":0,"4":0,"5":0,"6":0,"7":0,"8":0,"9":0,"10":0,"11":0,"12":0,"13":0},"b":{"0":[0],"1":[0],"2":[0,0],"3":[0],"4":[0,0],"5":[0,0],"6":[0,0],"7":[0],"8":[0,0],"9":[0],"10":[0,0,0],"11":[0],"12":[0,0,0],"13":[0],"14":[0,0]}}
,"/Users/han/Documents/Vibe Coding/StableRisk-AI/cache-service/src/lib/clients/cache-service-client.ts": {"path":"/Users/han/Documents/Vibe Coding/StableRisk-AI/cache-service/src/lib/clients/cache-service-client.ts","statementMap":{"0":{"start":{"line":53,"column":59},"end":{"line":53,"column":63}},"1":{"start":{"line":56,"column":4},"end":{"line":56,"column":76}},"2":{"start":{"line":57,"column":4},"end":{"line":57,"column":77}},"3":{"start":{"line":58,"column":4},"end":{"line":58,"column":93}},"4":{"start":{"line":59,"column":4},"end":{"line":59,"column":35}},"5":{"start":{"line":62,"column":4},"end":{"line":62,"column":33}},"6":{"start":{"line":65,"column":4},"end":{"line":65,"column":32}},"7":{"start":{"line":69,"column":4},"end":{"line":71,"column":5}},"8":{"start":{"line":70,"column":6},"end":{"line":70,"column":61}},"9":{"start":{"line":72,"column":4},"end":{"line":72,"column":39}},"10":{"start":{"line":83,"column":4},"end":{"line":86,"column":5}},"11":{"start":{"line":84,"column":6},"end":{"line":84,"column":55}},"12":{"start":{"line":85,"column":6},"end":{"line":85,"column":19}},"13":{"start":{"line":88,"column":4},"end":{"line":104,"column":5}},"14":{"start":{"line":89,"column":23},"end":{"line":93,"column":8}},"15":{"start":{"line":95,"column":6},"end":{"line":97,"column":7}},"16":{"start":{"line":96,"column":8},"end":{"line":96,"column":75}},"17":{"start":{"line":99,"column":21},"end":{"line":99,"column":42}},"18":{"start":{"line":100,"column":6},"end":{"line":100,"column":37}},"19":{"start":{"line":102,"column":6},"end":{"line":102,"column":72}},"20":{"start":{"line":103,"column":6},"end":{"line":103,"column":51}},"21":{"start":{"line":111,"column":4},"end":{"line":114,"column":5}},"22":{"start":{"line":112,"column":6},"end":{"line":112,"column":55}},"23":{"start":{"line":113,"column":6},"end":{"line":113,"column":18}},"24":{"start":{"line":116,"column":4},"end":{"line":134,"column":5}},"25":{"start":{"line":117,"column":23},"end":{"line":118,"column":null}},"26":{"start":{"line":121,"column":6},"end":{"line":123,"column":7}},"27":{"start":{"line":122,"column":8},"end":{"line":122,"column":20}},"28":{"start":{"line":125,"column":6},"end":{"line":127,"column":7}},"29":{"start":{"line":126,"column":8},"end":{"line":126,"column":75}},"30":{"start":{"line":129,"column":21},"end":{"line":129,"column":42}},"31":{"start":{"line":130,"column":6},"end":{"line":130,"column":48}},"32":{"start":{"line":132,"column":6},"end":{"line":132,"column":73}},"33":{"start":{"line":133,"column":6},"end":{"line":133,"column":35}},"34":{"start":{"line":141,"column":4},"end":{"line":144,"column":5}},"35":{"start":{"line":142,"column":6},"end":{"line":142,"column":57}},"36":{"start":{"line":143,"column":6},"end":{"line":143,"column":16}},"37":{"start":{"line":147,"column":22},"end":{"line":147,"column":72}},"38":{"start":{"line":147,"column":41},"end":{"line":147,"column":71}},"39":{"start":{"line":148,"column":4},"end":{"line":150,"column":5}},"40":{"start":{"line":149,"column":6},"end":{"line":149,"column":70}},"41":{"start":{"line":152,"column":4},"end":{"line":168,"column":5}},"42":{"start":{"line":153,"column":23},"end":{"line":157,"column":8}},"43":{"start":{"line":159,"column":6},"end":{"line":161,"column":7}},"44":{"start":{"line":160,"column":8},"end":{"line":160,"column":75}},"45":{"start":{"line":163,"column":21},"end":{"line":163,"column":42}},"46":{"start":{"line":164,"column":6},"end":{"line":164,"column":34}},"47":{"start":{"line":166,"column":6},"end":{"line":166,"column":74}},"48":{"start":{"line":167,"column":6},"end":{"line":167,"column":42}},"49":{"start":{"line":175,"column":4},"end":{"line":178,"column":5}},"50":{"start":{"line":176,"column":6},"end":{"line":176,"column":58}},"51":{"start":{"line":177,"column":6},"end":{"line":177,"column":19}},"52":{"start":{"line":180,"column":4},"end":{"line":202,"column":5}},"53":{"start":{"line":181,"column":23},"end":{"line":183,"column":null}},"54":{"start":{"line":186,"column":6},"end":{"line":188,"column":7}},"55":{"start":{"line":187,"column":8},"end":{"line":187,"column":75}},"56":{"start":{"line":190,"column":21},"end":{"line":190,"column":42}},"57":{"start":{"line":193,"column":6},"end":{"line":193,"column":37}},"58":{"start":{"line":195,"column":6},"end":{"line":195,"column":37}},"59":{"start":{"line":197,"column":6},"end":{"line":197,"column":59}},"60":{"start":{"line":200,"column":6},"end":{"line":200,"column":37}},"61":{"start":{"line":201,"column":6},"end":{"line":201,"column":19}},"62":{"start":{"line":209,"column":4},"end":{"line":212,"column":5}},"63":{"start":{"line":210,"column":6},"end":{"line":210,"column":67}},"64":{"start":{"line":211,"column":6},"end":{"line":211,"column":16}},"65":{"start":{"line":214,"column":4},"end":{"line":230,"column":5}},"66":{"start":{"line":215,"column":23},"end":{"line":219,"column":8}},"67":{"start":{"line":221,"column":6},"end":{"line":223,"column":7}},"68":{"start":{"line":222,"column":8},"end":{"line":222,"column":75}},"69":{"start":{"line":225,"column":21},"end":{"line":225,"column":42}},"70":{"start":{"line":226,"column":6},"end":{"line":226,"column":42}},"71":{"start":{"line":228,"column":6},"end":{"line":228,"column":69}},"72":{"start":{"line":229,"column":6},"end":{"line":229,"column":16}},"73":{"start":{"line":237,"column":4},"end":{"line":265,"column":5}},"74":{"start":{"line":238,"column":23},"end":{"line":238,"column":61}},"75":{"start":{"line":240,"column":6},"end":{"line":242,"column":7}},"76":{"start":{"line":241,"column":8},"end":{"line":241,"column":75}},"77":{"start":{"line":244,"column":20},"end":{"line":244,"column":41}},"78":{"start":{"line":247,"column":6},"end":{"line":254,"column":8}},"79":{"start":{"line":256,"column":6},"end":{"line":256,"column":57}},"80":{"start":{"line":257,"column":6},"end":{"line":264,"column":8}},"81":{"start":{"line":272,"column":4},"end":{"line":278,"column":5}},"82":{"start":{"line":273,"column":23},"end":{"line":273,"column":66}},"83":{"start":{"line":274,"column":6},"end":{"line":274,"column":25}},"84":{"start":{"line":276,"column":6},"end":{"line":276,"column":65}},"85":{"start":{"line":277,"column":6},"end":{"line":277,"column":19}},"86":{"start":{"line":285,"column":4},"end":{"line":290,"column":6}},"87":{"start":{"line":297,"column":4},"end":{"line":297,"column":31}},"88":{"start":{"line":304,"column":4},"end":{"line":307,"column":5}},"89":{"start":{"line":305,"column":6},"end":{"line":305,"column":50}},"90":{"start":{"line":306,"column":6},"end":{"line":306,"column":42}},"91":{"start":{"line":308,"column":4},"end":{"line":308,"column":31}},"92":{"start":{"line":314,"column":4},"end":{"line":316,"column":5}},"93":{"start":{"line":315,"column":6},"end":{"line":315,"column":60}},"94":{"start":{"line":318,"column":4},"end":{"line":322,"column":5}},"95":{"start":{"line":319,"column":6},"end":{"line":319,"column":28}},"96":{"start":{"line":321,"column":6},"end":{"line":321,"column":59}},"97":{"start":{"line":324,"column":4},"end":{"line":326,"column":5}},"98":{"start":{"line":325,"column":6},"end":{"line":325,"column":77}},"99":{"start":{"line":328,"column":4},"end":{"line":330,"column":5}},"100":{"start":{"line":329,"column":6},"end":{"line":329,"column":69}},"101":{"start":{"line":338,"column":16},"end":{"line":338,"column":40}},"102":{"start":{"line":339,"column":20},"end":{"line":339,"column":49}},"103":{"start":{"line":341,"column":23},"end":{"line":341,"column":44}},"104":{"start":{"line":342,"column":22},"end":{"line":342,"column":67}},"105":{"start":{"line":342,"column":39},"end":{"line":342,"column":57}},"106":{"start":{"line":344,"column":4},"end":{"line":360,"column":5}},"107":{"start":{"line":345,"column":23},"end":{"line":348,"column":8}},"108":{"start":{"line":350,"column":6},"end":{"line":350,"column":30}},"109":{"start":{"line":351,"column":6},"end":{"line":351,"column":22}},"110":{"start":{"line":353,"column":6},"end":{"line":353,"column":30}},"111":{"start":{"line":355,"column":6},"end":{"line":357,"column":7}},"112":{"start":{"line":356,"column":8},"end":{"line":356,"column":62}},"113":{"start":{"line":359,"column":6},"end":{"line":359,"column":18}},"114":{"start":{"line":364,"column":4},"end":{"line":383,"column":5}},"115":{"start":{"line":366,"column":6},"end":{"line":368,"column":7}},"116":{"start":{"line":367,"column":8},"end":{"line":367,"column":40}},"117":{"start":{"line":370,"column":18},"end":{"line":370,"column":37}},"118":{"start":{"line":371,"column":22},"end":{"line":371,"column":47}},"119":{"start":{"line":373,"column":6},"end":{"line":377,"column":9}},"120":{"start":{"line":379,"column":6},"end":{"line":379,"column":18}},"121":{"start":{"line":381,"column":6},"end":{"line":381,"column":57}},"122":{"start":{"line":382,"column":6},"end":{"line":382,"column":19}},"123":{"start":{"line":387,"column":18},"end":{"line":387,"column":45}},"124":{"start":{"line":389,"column":4},"end":{"line":391,"column":5}},"125":{"start":{"line":390,"column":6},"end":{"line":390,"column":18}},"126":{"start":{"line":393,"column":4},"end":{"line":396,"column":5}},"127":{"start":{"line":394,"column":6},"end":{"line":394,"column":37}},"128":{"start":{"line":395,"column":6},"end":{"line":395,"column":18}},"129":{"start":{"line":398,"column":4},"end":{"line":398,"column":23}},"130":{"start":{"line":402,"column":4},"end":{"line":405,"column":8}},"131":{"start":{"line":402,"column":28},"end":{"line":405,"column":6}},"132":{"start":{"line":409,"column":35},"end":{"line":409,"column":39}},"133":{"start":{"line":410,"column":21},"end":{"line":410,"column":29}},"134":{"start":{"line":412,"column":4},"end":{"line":417,"column":7}},"135":{"start":{"line":413,"column":6},"end":{"line":416,"column":7}},"136":{"start":{"line":414,"column":8},"end":{"line":414,"column":37}},"137":{"start":{"line":415,"column":8},"end":{"line":415,"column":24}},"138":{"start":{"line":419,"column":4},"end":{"line":421,"column":5}},"139":{"start":{"line":420,"column":6},"end":{"line":420,"column":43}},"140":{"start":{"line":425,"column":20},"end":{"line":425,"column":21}},"141":{"start":{"line":427,"column":4},"end":{"line":437,"column":7}},"142":{"start":{"line":428,"column":6},"end":{"line":436,"column":7}},"143":{"start":{"line":430,"column":8},"end":{"line":430,"column":36}},"144":{"start":{"line":431,"column":8},"end":{"line":431,"column":60}},"145":{"start":{"line":432,"column":8},"end":{"line":432,"column":24}},"146":{"start":{"line":435,"column":8},"end":{"line":435,"column":43}},"147":{"start":{"line":439,"column":4},"end":{"line":439,"column":21}},"148":{"start":{"line":444,"column":4},"end":{"line":446,"column":22}},"149":{"start":{"line":445,"column":6},"end":{"line":445,"column":34}},"150":{"start":{"line":450,"column":16},"end":{"line":450,"column":26}},"151":{"start":{"line":451,"column":35},"end":{"line":451,"column":37}},"152":{"start":{"line":453,"column":4},"end":{"line":457,"column":7}},"153":{"start":{"line":454,"column":6},"end":{"line":456,"column":7}},"154":{"start":{"line":455,"column":8},"end":{"line":455,"column":31}},"155":{"start":{"line":459,"column":4},"end":{"line":461,"column":7}},"156":{"start":{"line":460,"column":6},"end":{"line":460,"column":37}},"157":{"start":{"line":463,"column":4},"end":{"line":465,"column":5}},"158":{"start":{"line":464,"column":6},"end":{"line":464,"column":88}},"159":{"start":{"line":47,"column":0},"end":{"line":47,"column":13}},"160":{"start":{"line":470,"column":13},"end":{"line":470,"column":67}}},"fnMap":{"0":{"name":"(anonymous_0)","decl":{"start":{"line":55,"column":2},"end":{"line":55,"column":null}},"loc":{"start":{"line":55,"column":2},"end":{"line":66,"column":3}}},"1":{"name":"(anonymous_1)","decl":{"start":{"line":68,"column":9},"end":{"line":68,"column":15}},"loc":{"start":{"line":68,"column":27},"end":{"line":73,"column":3}}},"2":{"name":"(anonymous_2)","decl":{"start":{"line":78,"column":2},"end":{"line":78,"column":7}},"loc":{"start":{"line":81,"column":33},"end":{"line":105,"column":3}}},"3":{"name":"(anonymous_3)","decl":{"start":{"line":110,"column":2},"end":{"line":110,"column":7}},"loc":{"start":{"line":110,"column":23},"end":{"line":135,"column":3}}},"4":{"name":"(anonymous_4)","decl":{"start":{"line":140,"column":2},"end":{"line":140,"column":7}},"loc":{"start":{"line":140,"column":27},"end":{"line":169,"column":3}}},"5":{"name":"(anonymous_5)","decl":{"start":{"line":147,"column":34},"end":{"line":147,"column":37}},"loc":{"start":{"line":147,"column":41},"end":{"line":147,"column":71}}},"6":{"name":"(anonymous_6)","decl":{"start":{"line":174,"column":2},"end":{"line":174,"column":7}},"loc":{"start":{"line":174,"column":26},"end":{"line":203,"column":3}}},"7":{"name":"(anonymous_7)","decl":{"start":{"line":208,"column":2},"end":{"line":208,"column":7}},"loc":{"start":{"line":208,"column":35},"end":{"line":231,"column":3}}},"8":{"name":"(anonymous_8)","decl":{"start":{"line":236,"column":2},"end":{"line":236,"column":7}},"loc":{"start":{"line":236,"column":16},"end":{"line":266,"column":3}}},"9":{"name":"(anonymous_9)","decl":{"start":{"line":271,"column":2},"end":{"line":271,"column":7}},"loc":{"start":{"line":271,"column":19},"end":{"line":279,"column":3}}},"10":{"name":"(anonymous_10)","decl":{"start":{"line":284,"column":2},"end":{"line":284,"column":18}},"loc":{"start":{"line":284,"column":18},"end":{"line":291,"column":3}}},"11":{"name":"(anonymous_11)","decl":{"start":{"line":296,"column":2},"end":{"line":296,"column":20}},"loc":{"start":{"line":296,"column":20},"end":{"line":298,"column":3}}},"12":{"name":"(anonymous_12)","decl":{"start":{"line":303,"column":2},"end":{"line":303,"column":10}},"loc":{"start":{"line":303,"column":10},"end":{"line":309,"column":3}}},"13":{"name":"(anonymous_13)","decl":{"start":{"line":313,"column":10},"end":{"line":313,"column":31}},"loc":{"start":{"line":313,"column":31},"end":{"line":331,"column":3}}},"14":{"name":"(anonymous_14)","decl":{"start":{"line":333,"column":10},"end":{"line":333,"column":15}},"loc":{"start":{"line":336,"column":26},"end":{"line":361,"column":3}}},"15":{"name":"(anonymous_15)","decl":{"start":{"line":342,"column":33},"end":{"line":342,"column":36}},"loc":{"start":{"line":342,"column":39},"end":{"line":342,"column":57}}},"16":{"name":"(anonymous_16)","decl":{"start":{"line":363,"column":10},"end":{"line":363,"column":21}},"loc":{"start":{"line":363,"column":71},"end":{"line":384,"column":3}}},"17":{"name":"(anonymous_17)","decl":{"start":{"line":386,"column":10},"end":{"line":386,"column":21}},"loc":{"start":{"line":386,"column":33},"end":{"line":399,"column":3}}},"18":{"name":"(anonymous_18)","decl":{"start":{"line":401,"column":10},"end":{"line":401,"column":22}},"loc":{"start":{"line":401,"column":37},"end":{"line":406,"column":3}}},"19":{"name":"(anonymous_19)","decl":{"start":{"line":402,"column":20},"end":{"line":402,"column":23}},"loc":{"start":{"line":402,"column":28},"end":{"line":405,"column":6}}},"20":{"name":"(anonymous_20)","decl":{"start":{"line":408,"column":10},"end":{"line":408,"column":34}},"loc":{"start":{"line":408,"column":34},"end":{"line":422,"column":3}}},"21":{"name":"(anonymous_21)","decl":{"start":{"line":412,"column":31},"end":{"line":412,"column":32}},"loc":{"start":{"line":412,"column":46},"end":{"line":417,"column":5}}},"22":{"name":"(anonymous_22)","decl":{"start":{"line":424,"column":10},"end":{"line":424,"column":37}},"loc":{"start":{"line":424,"column":37},"end":{"line":440,"column":3}}},"23":{"name":"(anonymous_23)","decl":{"start":{"line":427,"column":31},"end":{"line":427,"column":32}},"loc":{"start":{"line":427,"column":46},"end":{"line":437,"column":5}}},"24":{"name":"(anonymous_24)","decl":{"start":{"line":442,"column":10},"end":{"line":442,"column":30}},"loc":{"start":{"line":442,"column":30},"end":{"line":447,"column":3}}},"25":{"name":"(anonymous_25)","decl":{"start":{"line":444,"column":47},"end":{"line":444,"column":50}},"loc":{"start":{"line":444,"column":52},"end":{"line":446,"column":5}}},"26":{"name":"(anonymous_26)","decl":{"start":{"line":449,"column":10},"end":{"line":449,"column":30}},"loc":{"start":{"line":449,"column":30},"end":{"line":466,"column":3}}},"27":{"name":"(anonymous_27)","decl":{"start":{"line":453,"column":31},"end":{"line":453,"column":32}},"loc":{"start":{"line":453,"column":46},"end":{"line":457,"column":5}}},"28":{"name":"(anonymous_28)","decl":{"start":{"line":459,"column":25},"end":{"line":459,"column":28}},"loc":{"start":{"line":459,"column":31},"end":{"line":461,"column":5}}}},"branchMap":{"0":{"loc":{"start":{"line":56,"column":19},"end":{"line":56,"column":75}},"type":"binary-expr","locations":[{"start":{"line":56,"column":19},"end":{"line":56,"column":48}},{"start":{"line":56,"column":52},"end":{"line":56,"column":75}}]},"1":{"loc":{"start":{"line":57,"column":28},"end":{"line":57,"column":71}},"type":"binary-expr","locations":[{"start":{"line":57,"column":28},"end":{"line":57,"column":61}},{"start":{"line":57,"column":65},"end":{"line":57,"column":71}}]},"2":{"loc":{"start":{"line":58,"column":39},"end":{"line":58,"column":87}},"type":"binary-expr","locations":[{"start":{"line":58,"column":39},"end":{"line":58,"column":77}},{"start":{"line":58,"column":81},"end":{"line":58,"column":87}}]},"3":{"loc":{"start":{"line":69,"column":4},"end":{"line":71,"column":5}},"type":"if","locations":[{"start":{"line":69,"column":4},"end":{"line":71,"column":5}}]},"4":{"loc":{"start":{"line":81,"column":4},"end":{"line":81,"column":33}},"type":"default-arg","locations":[{"start":{"line":81,"column":31},"end":{"line":81,"column":33}}]},"5":{"loc":{"start":{"line":83,"column":4},"end":{"line":86,"column":5}},"type":"if","locations":[{"start":{"line":83,"column":4},"end":{"line":86,"column":5}}]},"6":{"loc":{"start":{"line":83,"column":8},"end":{"line":83,"column":39}},"type":"binary-expr","locations":[{"start":{"line":83,"column":8},"end":{"line":83,"column":12}},{"start":{"line":83,"column":16},"end":{"line":83,"column":39}}]},"7":{"loc":{"start":{"line":95,"column":6},"end":{"line":97,"column":7}},"type":"if","locations":[{"start":{"line":95,"column":6},"end":{"line":97,"column":7}}]},"8":{"loc":{"start":{"line":100,"column":13},"end":{"line":100,"column":36}},"type":"binary-expr","locations":[{"start":{"line":100,"column":13},"end":{"line":100,"column":27}},{"start":{"line":100,"column":31},"end":{"line":100,"column":36}}]},"9":{"loc":{"start":{"line":111,"column":4},"end":{"line":114,"column":5}},"type":"if","locations":[{"start":{"line":111,"column":4},"end":{"line":114,"column":5}}]},"10":{"loc":{"start":{"line":111,"column":8},"end":{"line":111,"column":39}},"type":"binary-expr","locations":[{"start":{"line":111,"column":8},"end":{"line":111,"column":12}},{"start":{"line":111,"column":16},"end":{"line":111,"column":39}}]},"11":{"loc":{"start":{"line":121,"column":6},"end":{"line":123,"column":7}},"type":"if","locations":[{"start":{"line":121,"column":6},"end":{"line":123,"column":7}}]},"12":{"loc":{"start":{"line":125,"column":6},"end":{"line":127,"column":7}},"type":"if","locations":[{"start":{"line":125,"column":6},"end":{"line":127,"column":7}}]},"13":{"loc":{"start":{"line":130,"column":13},"end":{"line":130,"column":47}},"type":"cond-expr","locations":[{"start":{"line":130,"column":28},"end":{"line":130,"column":40}},{"start":{"line":130,"column":43},"end":{"line":130,"column":47}}]},"14":{"loc":{"start":{"line":141,"column":4},"end":{"line":144,"column":5}},"type":"if","locations":[{"start":{"line":141,"column":4},"end":{"line":144,"column":5}}]},"15":{"loc":{"start":{"line":141,"column":8},"end":{"line":141,"column":49}},"type":"binary-expr","locations":[{"start":{"line":141,"column":8},"end":{"line":141,"column":28}},{"start":{"line":141,"column":32},"end":{"line":141,"column":49}}]},"16":{"loc":{"start":{"line":147,"column":41},"end":{"line":147,"column":71}},"type":"binary-expr","locations":[{"start":{"line":147,"column":41},"end":{"line":147,"column":44}},{"start":{"line":147,"column":48},"end":{"line":147,"column":71}}]},"17":{"loc":{"start":{"line":148,"column":4},"end":{"line":150,"column":5}},"type":"if","locations":[{"start":{"line":148,"column":4},"end":{"line":150,"column":5}}]},"18":{"loc":{"start":{"line":159,"column":6},"end":{"line":161,"column":7}},"type":"if","locations":[{"start":{"line":159,"column":6},"end":{"line":161,"column":7}}]},"19":{"loc":{"start":{"line":164,"column":13},"end":{"line":164,"column":33}},"type":"binary-expr","locations":[{"start":{"line":164,"column":13},"end":{"line":164,"column":27}},{"start":{"line":164,"column":31},"end":{"line":164,"column":33}}]},"20":{"loc":{"start":{"line":175,"column":4},"end":{"line":178,"column":5}},"type":"if","locations":[{"start":{"line":175,"column":4},"end":{"line":178,"column":5}}]},"21":{"loc":{"start":{"line":175,"column":8},"end":{"line":175,"column":39}},"type":"binary-expr","locations":[{"start":{"line":175,"column":8},"end":{"line":175,"column":12}},{"start":{"line":175,"column":16},"end":{"line":175,"column":39}}]},"22":{"loc":{"start":{"line":186,"column":6},"end":{"line":188,"column":7}},"type":"if","locations":[{"start":{"line":186,"column":6},"end":{"line":188,"column":7}}]},"23":{"loc":{"start":{"line":195,"column":13},"end":{"line":195,"column":36}},"type":"binary-expr","locations":[{"start":{"line":195,"column":13},"end":{"line":195,"column":27}},{"start":{"line":195,"column":31},"end":{"line":195,"column":36}}]},"24":{"loc":{"start":{"line":209,"column":4},"end":{"line":212,"column":5}},"type":"if","locations":[{"start":{"line":209,"column":4},"end":{"line":212,"column":5}}]},"25":{"loc":{"start":{"line":209,"column":8},"end":{"line":209,"column":39}},"type":"binary-expr","locations":[{"start":{"line":209,"column":8},"end":{"line":209,"column":12}},{"start":{"line":209,"column":16},"end":{"line":209,"column":39}}]},"26":{"loc":{"start":{"line":221,"column":6},"end":{"line":223,"column":7}},"type":"if","locations":[{"start":{"line":221,"column":6},"end":{"line":223,"column":7}}]},"27":{"loc":{"start":{"line":226,"column":13},"end":{"line":226,"column":41}},"type":"binary-expr","locations":[{"start":{"line":226,"column":13},"end":{"line":226,"column":35}},{"start":{"line":226,"column":39},"end":{"line":226,"column":41}}]},"28":{"loc":{"start":{"line":240,"column":6},"end":{"line":242,"column":7}},"type":"if","locations":[{"start":{"line":240,"column":6},"end":{"line":242,"column":7}}]},"29":{"loc":{"start":{"line":258,"column":15},"end":{"line":258,"column":71}},"type":"cond-expr","locations":[{"start":{"line":258,"column":40},"end":{"line":258,"column":53}},{"start":{"line":258,"column":56},"end":{"line":258,"column":71}}]},"30":{"loc":{"start":{"line":304,"column":4},"end":{"line":307,"column":5}},"type":"if","locations":[{"start":{"line":304,"column":4},"end":{"line":307,"column":5}}]},"31":{"loc":{"start":{"line":314,"column":4},"end":{"line":316,"column":5}},"type":"if","locations":[{"start":{"line":314,"column":4},"end":{"line":316,"column":5}}]},"32":{"loc":{"start":{"line":324,"column":4},"end":{"line":326,"column":5}},"type":"if","locations":[{"start":{"line":324,"column":4},"end":{"line":326,"column":5}}]},"33":{"loc":{"start":{"line":324,"column":8},"end":{"line":324,"column":49}},"type":"binary-expr","locations":[{"start":{"line":324,"column":8},"end":{"line":324,"column":25}},{"start":{"line":324,"column":29},"end":{"line":324,"column":49}}]},"34":{"loc":{"start":{"line":328,"column":4},"end":{"line":330,"column":5}},"type":"if","locations":[{"start":{"line":328,"column":4},"end":{"line":330,"column":5}}]},"35":{"loc":{"start":{"line":335,"column":4},"end":{"line":335,"column":29}},"type":"default-arg","locations":[{"start":{"line":335,"column":27},"end":{"line":335,"column":29}}]},"36":{"loc":{"start":{"line":339,"column":20},"end":{"line":339,"column":49}},"type":"binary-expr","locations":[{"start":{"line":339,"column":20},"end":{"line":339,"column":33}},{"start":{"line":339,"column":37},"end":{"line":339,"column":49}}]},"37":{"loc":{"start":{"line":355,"column":6},"end":{"line":357,"column":7}},"type":"if","locations":[{"start":{"line":355,"column":6},"end":{"line":357,"column":7}}]},"38":{"loc":{"start":{"line":355,"column":10},"end":{"line":355,"column":63}},"type":"binary-expr","locations":[{"start":{"line":355,"column":10},"end":{"line":355,"column":32}},{"start":{"line":355,"column":36},"end":{"line":355,"column":63}}]},"39":{"loc":{"start":{"line":366,"column":6},"end":{"line":368,"column":7}},"type":"if","locations":[{"start":{"line":366,"column":6},"end":{"line":368,"column":7}}]},"40":{"loc":{"start":{"line":370,"column":18},"end":{"line":370,"column":37}},"type":"binary-expr","locations":[{"start":{"line":370,"column":18},"end":{"line":370,"column":29}},{"start":{"line":370,"column":33},"end":{"line":370,"column":37}}]},"41":{"loc":{"start":{"line":389,"column":4},"end":{"line":391,"column":5}},"type":"if","locations":[{"start":{"line":389,"column":4},"end":{"line":391,"column":5}}]},"42":{"loc":{"start":{"line":393,"column":4},"end":{"line":396,"column":5}},"type":"if","locations":[{"start":{"line":393,"column":4},"end":{"line":396,"column":5}}]},"43":{"loc":{"start":{"line":413,"column":6},"end":{"line":416,"column":7}},"type":"if","locations":[{"start":{"line":413,"column":6},"end":{"line":416,"column":7}}]},"44":{"loc":{"start":{"line":419,"column":4},"end":{"line":421,"column":5}},"type":"if","locations":[{"start":{"line":419,"column":4},"end":{"line":421,"column":5}}]},"45":{"loc":{"start":{"line":454,"column":6},"end":{"line":456,"column":7}},"type":"if","locations":[{"start":{"line":454,"column":6},"end":{"line":456,"column":7}}]},"46":{"loc":{"start":{"line":463,"column":4},"end":{"line":465,"column":5}},"type":"if","locations":[{"start":{"line":463,"column":4},"end":{"line":465,"column":5}}]}},"s":{"0":70,"1":70,"2":70,"3":70,"4":70,"5":70,"6":68,"7":73,"8":70,"9":71,"10":133,"11":3,"12":3,"13":130,"14":130,"15":21,"16":1,"17":20,"18":20,"19":110,"20":110,"21":33,"22":3,"23":3,"24":30,"25":30,"26":11,"27":3,"28":8,"29":1,"30":7,"31":5,"32":22,"33":22,"34":10,"35":4,"36":4,"37":6,"38":1112,"39":6,"40":1,"41":6,"42":6,"43":4,"44":0,"45":4,"46":4,"47":2,"48":2,"49":7,"50":3,"51":3,"52":4,"53":4,"54":3,"55":0,"56":3,"57":3,"58":3,"59":1,"60":1,"61":1,"62":5,"63":3,"64":3,"65":2,"66":2,"67":2,"68":0,"69":2,"70":2,"71":0,"72":0,"73":2,"74":2,"75":2,"76":0,"77":2,"78":2,"79":0,"80":0,"81":3,"82":3,"83":2,"84":1,"85":1,"86":12,"87":63,"88":67,"89":67,"90":67,"91":67,"92":70,"93":0,"94":70,"95":70,"96":1,"97":69,"98":1,"99":68,"100":0,"101":177,"102":177,"103":177,"104":177,"105":2,"106":177,"107":177,"108":45,"109":45,"110":132,"111":132,"112":0,"113":132,"114":292,"115":292,"116":11,"117":292,"118":292,"119":292,"120":292,"121":0,"122":0,"123":1041,"124":1041,"125":1007,"126":34,"127":1,"128":1,"129":33,"130":2,"131":1003,"132":11,"133":11,"134":11,"135":1003,"136":11,"137":11,"138":11,"139":11,"140":8,"141":8,"142":55,"143":55,"144":55,"145":54,"146":1,"147":8,"148":68,"149":1,"150":2,"151":2,"152":2,"153":4,"154":2,"155":2,"156":2,"157":2,"158":2,"159":1,"160":1},"f":{"0":70,"1":73,"2":133,"3":33,"4":10,"5":1112,"6":7,"7":5,"8":2,"9":3,"10":12,"11":63,"12":67,"13":70,"14":177,"15":2,"16":292,"17":1041,"18":2,"19":1003,"20":11,"21":1003,"22":8,"23":55,"24":68,"25":1,"26":2,"27":4,"28":2},"b":{"0":[70,2],"1":[70,2],"2":[70,2],"3":[70],"4":[132],"5":[3],"6":[133,130],"7":[1],"8":[20,1],"9":[3],"10":[33,30],"11":[3],"12":[1],"13":[5,0],"14":[4],"15":[10,7],"16":[1112,1109],"17":[1],"18":[0],"19":[4,0],"20":[3],"21":[7,4],"22":[0],"23":[3,1],"24":[3],"25":[5,2],"26":[0],"27":[2,0],"28":[0],"29":[0,0],"30":[67],"31":[0],"32":[1],"33":[69,68],"34":[0],"35":[32],"36":[177,174],"37":[0],"38":[132,130],"39":[11],"40":[292,110],"41":[1007],"42":[1],"43":[11],"44":[11],"45":[2],"46":[2]}}
}
