TN:
SF:src/cache/cache-manager.ts
FN:36,(anonymous_0)
FN:40,(anonymous_1)
FN:47,(anonymous_2)
FN:52,(anonymous_3)
FN:62,(anonymous_4)
FN:68,(anonymous_5)
FN:71,(anonymous_6)
FN:74,(anonymous_7)
FN:80,(anonymous_8)
FN:86,(anonymous_9)
FN:92,(anonymous_10)
FN:117,(anonymous_11)
FNF:12
FNH:0
FNDA:0,(anonymous_0)
FNDA:0,(anonymous_1)
FNDA:0,(anonymous_2)
FNDA:0,(anonymous_3)
FNDA:0,(anonymous_4)
FNDA:0,(anonymous_5)
FNDA:0,(anonymous_6)
FNDA:0,(anonymous_7)
FNDA:0,(anonymous_8)
FNDA:0,(anonymous_9)
FNDA:0,(anonymous_10)
FNDA:0,(anonymous_11)
DA:33,0
DA:41,0
DA:42,0
DA:44,0
DA:49,0
DA:59,0
DA:65,0
DA:71,0
DA:77,0
DA:83,0
DA:89,0
DA:95,0
DA:119,0
LF:13
LH:0
BRDA:41,0,0,0
BRDA:55,1,0,0
BRF:2
BRH:0
end_of_record
TN:
SF:src/controllers/cache-controller.ts
FN:7,(anonymous_0)
FN:11,(anonymous_1)
FN:41,(anonymous_2)
FN:66,(anonymous_3)
FN:75,(anonymous_4)
FN:76,(anonymous_5)
FN:76,(anonymous_6)
FN:90,(anonymous_7)
FN:107,(anonymous_8)
FN:130,(anonymous_9)
FN:153,(anonymous_10)
FN:163,(anonymous_11)
FN:172,(anonymous_12)
FN:177,(anonymous_13)
FNF:14
FNH:0
FNDA:0,(anonymous_0)
FNDA:0,(anonymous_1)
FNDA:0,(anonymous_2)
FNDA:0,(anonymous_3)
FNDA:0,(anonymous_4)
FNDA:0,(anonymous_5)
FNDA:0,(anonymous_6)
FNDA:0,(anonymous_7)
FNDA:0,(anonymous_8)
FNDA:0,(anonymous_9)
FNDA:0,(anonymous_10)
FNDA:0,(anonymous_11)
FNDA:0,(anonymous_12)
FNDA:0,(anonymous_13)
DA:1,0
DA:2,0
DA:4,0
DA:5,0
DA:8,0
DA:11,0
DA:12,0
DA:13,0
DA:16,0
DA:17,0
DA:22,0
DA:23,0
DA:28,0
DA:30,0
DA:36,0
DA:41,0
DA:42,0
DA:43,0
DA:44,0
DA:45,0
DA:47,0
DA:48,0
DA:54,0
DA:61,0
DA:66,0
DA:67,0
DA:68,0
DA:70,0
DA:71,0
DA:74,0
DA:75,0
DA:76,0
DA:78,0
DA:85,0
DA:90,0
DA:91,0
DA:92,0
DA:93,0
DA:94,0
DA:96,0
DA:102,0
DA:107,0
DA:108,0
DA:109,0
DA:111,0
DA:112,0
DA:117,0
DA:119,0
DA:125,0
DA:130,0
DA:131,0
DA:132,0
DA:134,0
DA:135,0
DA:140,0
DA:142,0
DA:148,0
DA:153,0
DA:154,0
DA:155,0
DA:156,0
DA:158,0
DA:163,0
DA:164,0
DA:165,0
DA:167,0
DA:168,0
DA:171,0
DA:173,0
DA:177,0
DA:178,0
DA:180,0
DA:187,0
DA:191,0
LF:74
LH:0
BRDA:13,0,0,0
BRDA:16,1,0,0
BRDA:16,2,0,0
BRDA:16,2,1,0
BRDA:22,3,0,0
BRDA:22,4,0,0
BRDA:22,4,1,0
BRDA:33,5,0,0
BRDA:33,5,1,0
BRDA:47,6,0,0
BRDA:47,6,1,0
BRDA:70,7,0,0
BRDA:99,8,0,0
BRDA:99,8,1,0
BRDA:111,9,0,0
BRDA:111,10,0,0
BRDA:111,10,1,0
BRDA:111,10,2,0
BRDA:134,11,0,0
BRDA:134,12,0,0
BRDA:134,12,1,0
BRDA:134,12,2,0
BRDA:167,13,0,0
BRDA:177,14,0,0
BRDA:177,14,1,0
BRF:25
BRH:0
end_of_record
TN:
SF:src/lib/clients/cache-service-client.ts
FN:55,(anonymous_0)
FN:68,(anonymous_1)
FN:78,(anonymous_2)
FN:110,(anonymous_3)
FN:140,(anonymous_4)
FN:147,(anonymous_5)
FN:174,(anonymous_6)
FN:208,(anonymous_7)
FN:236,(anonymous_8)
FN:271,(anonymous_9)
FN:284,(anonymous_10)
FN:296,(anonymous_11)
FN:303,(anonymous_12)
FN:313,(anonymous_13)
FN:333,(anonymous_14)
FN:342,(anonymous_15)
FN:363,(anonymous_16)
FN:386,(anonymous_17)
FN:401,(anonymous_18)
FN:402,(anonymous_19)
FN:408,(anonymous_20)
FN:412,(anonymous_21)
FN:424,(anonymous_22)
FN:427,(anonymous_23)
FN:442,(anonymous_24)
FN:444,(anonymous_25)
FN:449,(anonymous_26)
FN:453,(anonymous_27)
FN:459,(anonymous_28)
FNF:29
FNH:29
FNDA:70,(anonymous_0)
FNDA:73,(anonymous_1)
FNDA:133,(anonymous_2)
FNDA:33,(anonymous_3)
FNDA:10,(anonymous_4)
FNDA:1112,(anonymous_5)
FNDA:7,(anonymous_6)
FNDA:5,(anonymous_7)
FNDA:2,(anonymous_8)
FNDA:3,(anonymous_9)
FNDA:12,(anonymous_10)
FNDA:63,(anonymous_11)
FNDA:67,(anonymous_12)
FNDA:70,(anonymous_13)
FNDA:177,(anonymous_14)
FNDA:2,(anonymous_15)
FNDA:292,(anonymous_16)
FNDA:1041,(anonymous_17)
FNDA:2,(anonymous_18)
FNDA:1003,(anonymous_19)
FNDA:11,(anonymous_20)
FNDA:1003,(anonymous_21)
FNDA:8,(anonymous_22)
FNDA:55,(anonymous_23)
FNDA:68,(anonymous_24)
FNDA:1,(anonymous_25)
FNDA:2,(anonymous_26)
FNDA:4,(anonymous_27)
FNDA:2,(anonymous_28)
DA:47,1
DA:53,70
DA:56,70
DA:57,70
DA:58,70
DA:59,70
DA:62,70
DA:65,68
DA:69,73
DA:70,70
DA:72,71
DA:83,133
DA:84,3
DA:85,3
DA:88,130
DA:89,130
DA:95,21
DA:96,1
DA:99,20
DA:100,20
DA:102,110
DA:103,110
DA:111,33
DA:112,3
DA:113,3
DA:116,30
DA:117,30
DA:121,11
DA:122,3
DA:125,8
DA:126,1
DA:129,7
DA:130,5
DA:132,22
DA:133,22
DA:141,10
DA:142,4
DA:143,4
DA:147,1112
DA:148,6
DA:149,1
DA:152,6
DA:153,6
DA:159,4
DA:160,0
DA:163,4
DA:164,4
DA:166,2
DA:167,2
DA:175,7
DA:176,3
DA:177,3
DA:180,4
DA:181,4
DA:186,3
DA:187,0
DA:190,3
DA:193,3
DA:195,3
DA:197,1
DA:200,1
DA:201,1
DA:209,5
DA:210,3
DA:211,3
DA:214,2
DA:215,2
DA:221,2
DA:222,0
DA:225,2
DA:226,2
DA:228,0
DA:229,0
DA:237,2
DA:238,2
DA:240,2
DA:241,0
DA:244,2
DA:247,2
DA:256,0
DA:257,0
DA:272,3
DA:273,3
DA:274,2
DA:276,1
DA:277,1
DA:285,12
DA:297,63
DA:304,67
DA:305,67
DA:306,67
DA:308,67
DA:314,70
DA:315,0
DA:318,70
DA:319,70
DA:321,1
DA:324,69
DA:325,1
DA:328,68
DA:329,0
DA:338,177
DA:339,177
DA:341,177
DA:342,177
DA:344,177
DA:345,177
DA:350,45
DA:351,45
DA:353,132
DA:355,132
DA:356,0
DA:359,132
DA:364,292
DA:366,292
DA:367,11
DA:370,292
DA:371,292
DA:373,292
DA:379,292
DA:381,0
DA:382,0
DA:387,1041
DA:389,1041
DA:390,1007
DA:393,34
DA:394,1
DA:395,1
DA:398,33
DA:402,1003
DA:409,11
DA:410,11
DA:412,11
DA:413,1003
DA:414,11
DA:415,11
DA:419,11
DA:420,11
DA:425,8
DA:427,8
DA:428,55
DA:430,55
DA:431,55
DA:432,54
DA:435,1
DA:439,8
DA:444,68
DA:445,1
DA:450,2
DA:451,2
DA:453,2
DA:454,4
DA:455,2
DA:459,2
DA:460,2
DA:463,2
DA:464,2
DA:470,1
LF:158
LH:145
BRDA:56,0,0,70
BRDA:56,0,1,2
BRDA:57,1,0,70
BRDA:57,1,1,2
BRDA:58,2,0,70
BRDA:58,2,1,2
BRDA:69,3,0,70
BRDA:81,4,0,132
BRDA:83,5,0,3
BRDA:83,6,0,133
BRDA:83,6,1,130
BRDA:95,7,0,1
BRDA:100,8,0,20
BRDA:100,8,1,1
BRDA:111,9,0,3
BRDA:111,10,0,33
BRDA:111,10,1,30
BRDA:121,11,0,3
BRDA:125,12,0,1
BRDA:130,13,0,5
BRDA:130,13,1,0
BRDA:141,14,0,4
BRDA:141,15,0,10
BRDA:141,15,1,7
BRDA:147,16,0,1112
BRDA:147,16,1,1109
BRDA:148,17,0,1
BRDA:159,18,0,0
BRDA:164,19,0,4
BRDA:164,19,1,0
BRDA:175,20,0,3
BRDA:175,21,0,7
BRDA:175,21,1,4
BRDA:186,22,0,0
BRDA:195,23,0,3
BRDA:195,23,1,1
BRDA:209,24,0,3
BRDA:209,25,0,5
BRDA:209,25,1,2
BRDA:221,26,0,0
BRDA:226,27,0,2
BRDA:226,27,1,0
BRDA:240,28,0,0
BRDA:258,29,0,0
BRDA:258,29,1,0
BRDA:304,30,0,67
BRDA:314,31,0,0
BRDA:324,32,0,1
BRDA:324,33,0,69
BRDA:324,33,1,68
BRDA:328,34,0,0
BRDA:335,35,0,32
BRDA:339,36,0,177
BRDA:339,36,1,174
BRDA:355,37,0,0
BRDA:355,38,0,132
BRDA:355,38,1,130
BRDA:366,39,0,11
BRDA:370,40,0,292
BRDA:370,40,1,110
BRDA:389,41,0,1007
BRDA:393,42,0,1
BRDA:413,43,0,11
BRDA:419,44,0,11
BRDA:454,45,0,2
BRDA:463,46,0,2
BRF:66
BRH:54
end_of_record
